0 info it worked if it ends with ok
1 verbose cli [ '/Users/Ivan/.nvm/versions/node/v6.2.0/bin/node',
1 verbose cli   '/Users/Ivan/.nvm/versions/node/v6.2.0/bin/npm',
1 verbose cli   'run',
1 verbose cli   'release' ]
2 info using npm@3.8.9
3 info using node@v6.2.0
4 verbose run-script [ 'prerelease', 'release', 'postrelease' ]
5 info lifecycle wesovi-react-components@1.0.0~prerelease: wesovi-react-components@1.0.0
6 silly lifecycle wesovi-react-components@1.0.0~prerelease: no script for prerelease, continuing
7 info lifecycle wesovi-react-components@1.0.0~release: wesovi-react-components@1.0.0
8 verbose lifecycle wesovi-react-components@1.0.0~release: unsafe-perm in lifecycle true
9 verbose lifecycle wesovi-react-components@1.0.0~release: PATH: /Users/Ivan/.nvm/versions/node/v6.2.0/lib/node_modules/npm/bin/node-gyp-bin:/Users/Ivan/Products/WesoviLabs/wesovi-react-components/node_modules/.bin:/Users/Ivan/.nvm/versions/node/v6.2.0/bin:/Users/Ivan/.nvm/versions/node/v6.2.0/bin:/Users/Ivan/Development/Applications/apache-maven-3.3.9/bin:/Users/Ivan/.rvm/gems/ruby-2.1.2/bin:/Users/Ivan/.rvm/gems/ruby-2.1.2@global/bin:/Users/Ivan/.rvm/rubies/ruby-2.1.2/bin:/Users/Ivan/go/bin:/Library/Frameworks/Python.framework/Versions/3.4/bin:/Library/Frameworks/Python.framework/Versions/3.5/bin:/usr/local/bin:/usr/bin:/bin:/usr/sbin:/sbin:/opt/X11/bin:/usr/local/go/bin:/Users/Ivan/.rvm/bin:/Users/Ivan/.rvm/bin
10 verbose lifecycle wesovi-react-components@1.0.0~release: CWD: /Users/Ivan/Products/WesoviLabs/wesovi-react-components
11 silly lifecycle wesovi-react-components@1.0.0~release: Args: [ '-c', 'bumped release 1.0.1' ]
12 silly lifecycle wesovi-react-components@1.0.0~release: Returned: code: 11  signal: null
13 info lifecycle wesovi-react-components@1.0.0~release: Failed to exec release script
14 verbose stack Error: wesovi-react-components@1.0.0 release: `bumped release 1.0.1`
14 verbose stack Exit status 11
14 verbose stack     at EventEmitter.<anonymous> (/Users/Ivan/.nvm/versions/node/v6.2.0/lib/node_modules/npm/lib/utils/lifecycle.js:245:16)
14 verbose stack     at emitTwo (events.js:106:13)
14 verbose stack     at EventEmitter.emit (events.js:191:7)
14 verbose stack     at ChildProcess.<anonymous> (/Users/Ivan/.nvm/versions/node/v6.2.0/lib/node_modules/npm/lib/utils/spawn.js:24:14)
14 verbose stack     at emitTwo (events.js:106:13)
14 verbose stack     at ChildProcess.emit (events.js:191:7)
14 verbose stack     at maybeClose (internal/child_process.js:850:16)
14 verbose stack     at Process.ChildProcess._handle.onexit (internal/child_process.js:215:5)
15 verbose pkgid wesovi-react-components@1.0.0
16 verbose cwd /Users/Ivan/Products/WesoviLabs/wesovi-react-components
17 error Darwin 15.4.0
18 error argv "/Users/Ivan/.nvm/versions/node/v6.2.0/bin/node" "/Users/Ivan/.nvm/versions/node/v6.2.0/bin/npm" "run" "release"
19 error node v6.2.0
20 error npm  v3.8.9
21 error code ELIFECYCLE
22 error wesovi-react-components@1.0.0 release: `bumped release 1.0.1`
22 error Exit status 11
23 error Failed at the wesovi-react-components@1.0.0 release script 'bumped release 1.0.1'.
23 error Make sure you have the latest version of node.js and npm installed.
23 error If you do, this is most likely a problem with the wesovi-react-components package,
23 error not with npm itself.
23 error Tell the author that this fails on your system:
23 error     bumped release 1.0.1
23 error You can get information on how to open an issue for this project with:
23 error     npm bugs wesovi-react-components
23 error Or if that isn't available, you can get their info via:
23 error     npm owner ls wesovi-react-components
23 error There is likely additional logging output above.
24 verbose exit [ 1, true ]
